# JRE version: OpenJDK Runtime Environment (7.0_55-b14) (build 1.7.0_55-b14)
# Java VM: OpenJDK 64-Bit Server VM (24.51-b03 mixed mode linux-amd64 compressed oops)
Heap
 PSYoungGen      total 96768K, used 58602K [0x00000000f8000000, 0x00000000fe480000, 0x0000000100000000)
  eden space 91136K, 64% used [0x00000000f8000000,0x00000000fb93a9e8,0x00000000fd900000)
  from space 5632K, 0% used [0x00000000fd900000,0x00000000fd900000,0x00000000fde80000)
  to   space 5632K, 0% used [0x00000000fdf00000,0x00000000fdf00000,0x00000000fe480000)
 ParOldGen       total 129536K, used 56168K [0x00000000e8000000, 0x00000000efe80000, 0x00000000f8000000)
  object space 129536K, 43% used [0x00000000e8000000,0x00000000eb6da3e0,0x00000000efe80000)
 PSPermGen       total 74752K, used 74631K [0x00000000d8000000, 0x00000000dc900000, 0x00000000e8000000)
  object space 74752K, 99% used [0x00000000d8000000,0x00000000dc8e1d00,0x00000000dc900000)
GC Heap History (10 events):
Event: 17116.667 GC heap before
{Heap before GC invocations=515 (full 212):
 PSYoungGen      total 95232K, used 91136K [0x00000000f8000000, 0x00000000fe280000, 0x0000000100000000)
  eden space 91136K, 100% used [0x00000000f8000000,0x00000000fd900000,0x00000000fd900000)
  from space 4096K, 0% used [0x00000000fdd80000,0x00000000fdd80000,0x00000000fe180000)
  to   space 4608K, 0% used [0x00000000fd900000,0x00000000fd900000,0x00000000fdd80000)
 ParOldGen       total 129536K, used 56129K [0x00000000e8000000, 0x00000000efe80000, 0x00000000f8000000)
  object space 129536K, 43% used [0x00000000e8000000,0x00000000eb6d0510,0x00000000efe80000)
 PSPermGen       total 74752K, used 74620K [0x00000000d8000000, 0x00000000dc900000, 0x00000000e8000000)
  object space 74752K, 99% used [0x00000000d8000000,0x00000000dc8df2e8,0x00000000dc900000)
Event: 17116.675 GC heap after
Heap after GC invocations=515 (full 212):
 PSYoungGen      total 95744K, used 3050K [0x00000000f8000000, 0x00000000fe380000, 0x0000000100000000)
  eden space 91136K, 0% used [0x00000000f8000000,0x00000000f8000000,0x00000000fd900000)
  from space 4608K, 66% used [0x00000000fd900000,0x00000000fdbfaac0,0x00000000fdd80000)
  to   space 5120K, 0% used [0x00000000fde80000,0x00000000fde80000,0x00000000fe380000)
 ParOldGen       total 129536K, used 56129K [0x00000000e8000000, 0x00000000efe80000, 0x00000000f8000000)
  object space 129536K, 43% used [0x00000000e8000000,0x00000000eb6d0510,0x00000000efe80000)
 PSPermGen       total 74752K, used 74620K [0x00000000d8000000, 0x00000000dc900000, 0x00000000e8000000)
  object space 74752K, 99% used [0x00000000d8000000,0x00000000dc8df2e8,0x00000000dc900000)
}
Event: 17122.243 GC heap before
{Heap before GC invocations=516 (full 212):
 PSYoungGen      total 95744K, used 20026K [0x00000000f8000000, 0x00000000fe380000, 0x0000000100000000)
  eden space 91136K, 18% used [0x00000000f8000000,0x00000000f9093d70,0x00000000fd900000)
  from space 4608K, 66% used [0x00000000fd900000,0x00000000fdbfaac0,0x00000000fdd80000)
  to   space 5120K, 0% used [0x00000000fde80000,0x00000000fde80000,0x00000000fe380000)
 ParOldGen       total 129536K, used 56129K [0x00000000e8000000, 0x00000000efe80000, 0x00000000f8000000)
  object space 129536K, 43% used [0x00000000e8000000,0x00000000eb6d0510,0x00000000efe80000)
 PSPermGen       total 74752K, used 74621K [0x00000000d8000000, 0x00000000dc900000, 0x00000000e8000000)
  object space 74752K, 99% used [0x00000000d8000000,0x00000000dc8df540,0x00000000dc900000)
Event: 17122.253 GC heap after
Heap after GC invocations=516 (full 212):
 PSYoungGen      total 96256K, used 3649K [0x00000000f8000000, 0x00000000fe480000, 0x0000000100000000)
  eden space 91136K, 0% used [0x00000000f8000000,0x00000000f8000000,0x00000000fd900000)
  from space 5120K, 71% used [0x00000000fde80000,0x00000000fe210520,0x00000000fe380000)
  to   space 5632K, 0% used [0x00000000fd900000,0x00000000fd900000,0x00000000fde80000)
 ParOldGen       total 129536K, used 56129K [0x00000000e8000000, 0x00000000efe80000, 0x00000000f8000000)
  object space 129536K, 43% used [0x00000000e8000000,0x00000000eb6d0510,0x00000000efe80000)
 PSPermGen       total 74752K, used 74621K [0x00000000d8000000, 0x00000000dc900000, 0x00000000e8000000)
  object space 74752K, 99% used [0x00000000d8000000,0x00000000dc8df540,0x00000000dc900000)
}
Event: 17122.253 GC heap before
{Heap before GC invocations=517 (full 213):
 PSYoungGen      total 96256K, used 3649K [0x00000000f8000000, 0x00000000fe480000, 0x0000000100000000)
  eden space 91136K, 0% used [0x00000000f8000000,0x00000000f8000000,0x00000000fd900000)
  from space 5120K, 71% used [0x00000000fde80000,0x00000000fe210520,0x00000000fe380000)
  to   space 5632K, 0% used [0x00000000fd900000,0x00000000fd900000,0x00000000fde80000)
 ParOldGen       total 129536K, used 56129K [0x00000000e8000000, 0x00000000efe80000, 0x00000000f8000000)
  object space 129536K, 43% used [0x00000000e8000000,0x00000000eb6d0510,0x00000000efe80000)
 PSPermGen       total 74752K, used 74621K [0x00000000d8000000, 0x00000000dc900000, 0x00000000e8000000)
  object space 74752K, 99% used [0x00000000d8000000,0x00000000dc8df540,0x00000000dc900000)
Event: 17122.641 GC heap after
Heap after GC invocations=517 (full 213):
 PSYoungGen      total 96256K, used 0K [0x00000000f8000000, 0x00000000fe480000, 0x0000000100000000)
  eden space 91136K, 0% used [0x00000000f8000000,0x00000000f8000000,0x00000000fd900000)
  from space 5120K, 0% used [0x00000000fde80000,0x00000000fde80000,0x00000000fe380000)
  to   space 5632K, 0% used [0x00000000fd900000,0x00000000fd900000,0x00000000fde80000)
 ParOldGen       total 129536K, used 56166K [0x00000000e8000000, 0x00000000efe80000, 0x00000000f8000000)
  object space 129536K, 43% used [0x00000000e8000000,0x00000000eb6d9828,0x00000000efe80000)
 PSPermGen       total 74752K, used 74621K [0x00000000d8000000, 0x00000000dc900000, 0x00000000e8000000)
  object space 74752K, 99% used [0x00000000d8000000,0x00000000dc8df540,0x00000000dc900000)
}
Event: 17182.245 GC heap before
{Heap before GC invocations=518 (full 213):
 PSYoungGen      total 96256K, used 66869K [0x00000000f8000000, 0x00000000fe480000, 0x0000000100000000)
  eden space 91136K, 73% used [0x00000000f8000000,0x00000000fc14d6d8,0x00000000fd900000)
  from space 5120K, 0% used [0x00000000fde80000,0x00000000fde80000,0x00000000fe380000)
  to   space 5632K, 0% used [0x00000000fd900000,0x00000000fd900000,0x00000000fde80000)
 ParOldGen       total 129536K, used 56166K [0x00000000e8000000, 0x00000000efe80000, 0x00000000f8000000)
  object space 129536K, 43% used [0x00000000e8000000,0x00000000eb6d9828,0x00000000efe80000)
 PSPermGen       total 74752K, used 74622K [0x00000000d8000000, 0x00000000dc900000, 0x00000000e8000000)
  object space 74752K, 99% used [0x00000000d8000000,0x00000000dc8dfa98,0x00000000dc900000)
Event: 17182.252 GC heap after
Heap after GC invocations=518 (full 213):
 PSYoungGen      total 96768K, used 2971K [0x00000000f8000000, 0x00000000fe480000, 0x0000000100000000)
  eden space 91136K, 0% used [0x00000000f8000000,0x00000000f8000000,0x00000000fd900000)
  from space 5632K, 52% used [0x00000000fd900000,0x00000000fdbe6e20,0x00000000fde80000)
  to   space 5632K, 0% used [0x00000000fdf00000,0x00000000fdf00000,0x00000000fe480000)
 ParOldGen       total 129536K, used 56166K [0x00000000e8000000, 0x00000000efe80000, 0x00000000f8000000)
  object space 129536K, 43% used [0x00000000e8000000,0x00000000eb6d9828,0x00000000efe80000)
 PSPermGen       total 74752K, used 74622K [0x00000000d8000000, 0x00000000dc900000, 0x00000000e8000000)
  object space 74752K, 99% used [0x00000000d8000000,0x00000000dc8dfa98,0x00000000dc900000)
}
Event: 17182.252 GC heap before
{Heap before GC invocations=519 (full 214):
 PSYoungGen      total 96768K, used 2971K [0x00000000f8000000, 0x00000000fe480000, 0x0000000100000000)
  eden space 91136K, 0% used [0x00000000f8000000,0x00000000f8000000,0x00000000fd900000)
  from space 5632K, 52% used [0x00000000fd900000,0x00000000fdbe6e20,0x00000000fde80000)
  to   space 5632K, 0% used [0x00000000fdf00000,0x00000000fdf00000,0x00000000fe480000)
 ParOldGen       total 129536K, used 56166K [0x00000000e8000000, 0x00000000efe80000, 0x00000000f8000000)
  object space 129536K, 43% used [0x00000000e8000000,0x00000000eb6d9828,0x00000000efe80000)
 PSPermGen       total 74752K, used 74622K [0x00000000d8000000, 0x00000000dc900000, 0x00000000e8000000)
  object space 74752K, 99% used [0x00000000d8000000,0x00000000dc8dfa98,0x00000000dc900000)
Event: 17182.625 GC heap after
Heap after GC invocations=519 (full 214):
 PSYoungGen      total 96768K, used 0K [0x00000000f8000000, 0x00000000fe480000, 0x0000000100000000)
  eden space 91136K, 0% used [0x00000000f8000000,0x00000000f8000000,0x00000000fd900000)
  from space 5632K, 0% used [0x00000000fd900000,0x00000000fd900000,0x00000000fde80000)
  to   space 5632K, 0% used [0x00000000fdf00000,0x00000000fdf00000,0x00000000fe480000)
 ParOldGen       total 129536K, used 56168K [0x00000000e8000000, 0x00000000efe80000, 0x00000000f8000000)
  object space 129536K, 43% used [0x00000000e8000000,0x00000000eb6da3e0,0x00000000efe80000)
 PSPermGen       total 74752K, used 74622K [0x00000000d8000000, 0x00000000dc900000, 0x00000000e8000000)
  object space 74752K, 99% used [0x00000000d8000000,0x00000000dc8dfa38,0x00000000dc900000)
}

